<?xml version="1.0" encoding="UTF-8"?>
<testng-results skipped="0" failed="1" total="1" passed="0">
  <reporter-output>
    <line>
      <![CDATA[Navigating to URL:https://demo.vtiger.com]]>
    </line>
    <line>
      <![CDATA[Browser maximized]]>
    </line>
    <line>
      <![CDATA[Login button is clicked]]>
    </line>
    <line>
      <![CDATA[Clicking the current Date: 21]]>
    </line>
  </reporter-output>
  <suite name="Default suite" duration-ms="36341" started-at="2013-12-21T11:35:52Z" finished-at="2013-12-21T11:36:29Z">
    <groups>
    </groups>
    <test name="Default test" duration-ms="36341" started-at="2013-12-21T11:35:52Z" finished-at="2013-12-21T11:36:29Z">
      <class name="com.vtiger.HomePage.vt_Calender">
        <test-method status="PASS" signature="precondition()[pri:0, instance:com.vtiger.HomePage.vt_Calender@2b94d9d5]" name="precondition" is-config="true" duration-ms="21394" started-at="2013-12-21T17:05:52Z" finished-at="2013-12-21T17:06:14Z">
          <reporter-output>
            <line>
              <![CDATA[Navigating to URL:https://demo.vtiger.com]]>
            </line>
            <line>
              <![CDATA[Browser maximized]]>
            </line>
          </reporter-output>
        </test-method> <!-- precondition -->
        <test-method status="FAIL" signature="testvt_Calender()[pri:0, instance:com.vtiger.HomePage.vt_Calender@2b94d9d5]" name="testvt_Calender" duration-ms="14922" started-at="2013-12-21T17:06:14Z" finished-at="2013-12-21T17:06:29Z">
          <exception class="org.openqa.selenium.UnhandledAlertException">
            <message>
              <![CDATA[Modal dialog present: Start Date & Time should be greater than or equal to Current date & time for Activities with status as Planned
Build info: version: '2.35.0', revision: 'c916b9d', time: '2013-08-12 15:42:01'
System info: os.name: 'Windows 7', os.arch: 'amd64', os.version: '6.1', java.version: '1.7.0_11'
Session ID: 474053d6-bbbc-4b98-abef-6d93f043b1e9
Driver info: org.openqa.selenium.firefox.FirefoxDriver
Capabilities [{platform=XP, databaseEnabled=true, cssSelectorsEnabled=true, javascriptEnabled=true, acceptSslCerts=true, handlesAlerts=true, browserName=firefox, browserConnectionEnabled=true, nativeEvents=true, webStorageEnabled=true, rotatable=false, locationContextEnabled=true, applicationCacheEnabled=true, takesScreenshot=true, version=24.0}]]]>
            </message>
            <full-stacktrace>
              <![CDATA[org.openqa.selenium.UnhandledAlertException: Modal dialog present: Start Date & Time should be greater than or equal to Current date & time for Activities with status as Planned
Build info: version: '2.35.0', revision: 'c916b9d', time: '2013-08-12 15:42:01'
System info: os.name: 'Windows 7', os.arch: 'amd64', os.version: '6.1', java.version: '1.7.0_11'
Session ID: 474053d6-bbbc-4b98-abef-6d93f043b1e9
Driver info: org.openqa.selenium.firefox.FirefoxDriver
Capabilities [{platform=XP, databaseEnabled=true, cssSelectorsEnabled=true, javascriptEnabled=true, acceptSslCerts=true, handlesAlerts=true, browserName=firefox, browserConnectionEnabled=true, nativeEvents=true, webStorageEnabled=true, rotatable=false, locationContextEnabled=true, applicationCacheEnabled=true, takesScreenshot=true, version=24.0}]
	at sun.reflect.NativeConstructorAccessorImpl.newInstance0(Native Method)
	at sun.reflect.NativeConstructorAccessorImpl.newInstance(Unknown Source)
	at sun.reflect.DelegatingConstructorAccessorImpl.newInstance(Unknown Source)
	at java.lang.reflect.Constructor.newInstance(Unknown Source)
	at org.openqa.selenium.remote.ErrorHandler.createThrowable(ErrorHandler.java:191)
	at org.openqa.selenium.remote.ErrorHandler.createUnhandledAlertException(ErrorHandler.java:172)
	at org.openqa.selenium.remote.ErrorHandler.throwIfResponseFailed(ErrorHandler.java:141)
	at org.openqa.selenium.remote.RemoteWebDriver.execute(RemoteWebDriver.java:554)
	at org.openqa.selenium.remote.RemoteWebDriver.findElement(RemoteWebDriver.java:307)
	at org.openqa.selenium.remote.RemoteWebDriver.findElementByXPath(RemoteWebDriver.java:404)
	at org.openqa.selenium.By$ByXPath.findElement(By.java:344)
	at org.openqa.selenium.remote.RemoteWebDriver.findElement(RemoteWebDriver.java:299)
	at com.vtiger.Libraries.ProjectSpecificMethods.Logout(ProjectSpecificMethods.java:32)
	at com.vtiger.HomePage.vt_Calender.testvt_Calender(vt_Calender.java:58)
	at sun.reflect.NativeMethodAccessorImpl.invoke0(Native Method)
	at sun.reflect.NativeMethodAccessorImpl.invoke(Unknown Source)
	at sun.reflect.DelegatingMethodAccessorImpl.invoke(Unknown Source)
	at java.lang.reflect.Method.invoke(Unknown Source)
	at org.testng.internal.MethodInvocationHelper.invokeMethod(MethodInvocationHelper.java:84)
	at org.testng.internal.Invoker.invokeMethod(Invoker.java:714)
	at org.testng.internal.Invoker.invokeTestMethod(Invoker.java:901)
	at org.testng.internal.Invoker.invokeTestMethods(Invoker.java:1231)
	at org.testng.internal.TestMethodWorker.invokeTestMethods(TestMethodWorker.java:127)
	at org.testng.internal.TestMethodWorker.run(TestMethodWorker.java:111)
	at org.testng.TestRunner.privateRun(TestRunner.java:767)
	at org.testng.TestRunner.run(TestRunner.java:617)
	at org.testng.SuiteRunner.runTest(SuiteRunner.java:334)
	at org.testng.SuiteRunner.runSequentially(SuiteRunner.java:329)
	at org.testng.SuiteRunner.privateRun(SuiteRunner.java:291)
	at org.testng.SuiteRunner.run(SuiteRunner.java:240)
	at org.testng.SuiteRunnerWorker.runSuite(SuiteRunnerWorker.java:52)
	at org.testng.SuiteRunnerWorker.run(SuiteRunnerWorker.java:86)
	at org.testng.TestNG.runSuitesSequentially(TestNG.java:1224)
	at org.testng.TestNG.runSuitesLocally(TestNG.java:1149)
	at org.testng.TestNG.run(TestNG.java:1057)
	at org.testng.remote.RemoteTestNG.run(RemoteTestNG.java:111)
	at org.testng.remote.RemoteTestNG.initAndRun(RemoteTestNG.java:204)
	at org.testng.remote.RemoteTestNG.main(RemoteTestNG.java:175)
]]>
            </full-stacktrace>
          </exception> <!-- org.openqa.selenium.UnhandledAlertException -->
          <reporter-output>
            <line>
              <![CDATA[Login button is clicked]]>
            </line>
            <line>
              <![CDATA[Clicking the current Date: 21]]>
            </line>
          </reporter-output>
        </test-method> <!-- testvt_Calender -->
      </class> <!-- com.vtiger.HomePage.vt_Calender -->
    </test> <!-- Default test -->
  </suite> <!-- Default suite -->
</testng-results>
