<?xml version="1.0" encoding="UTF-8"?>
<!-- Generated by org.testng.reporters.JUnitXMLReporter -->
<testsuite hostname="gogurram" name="test" tests="2" failures="1" timestamp="16 Dec 2013 03:59:35 GMT" time="6.541" errors="0">
  <testcase name="@AfterMethod postcondition" time="0.0" classname="com.vtiger.GenericPackage.ProjectSpecificMethods">
    <failure type="java.lang.NullPointerException">
      <![CDATA[java.lang.NullPointerException
	at com.vtiger.Libraries.SuperTestNG.postcondition(SuperTestNG.java:57)
... Removed 26 stack frames]]>
    </failure>
  </testcase> <!-- @AfterMethod postcondition -->
  <testcase name="@BeforeMethod precondition" time="0.0" classname="com.vtiger.GenericPackage.ProjectSpecificMethods">
    <skipped/>
  </testcase> <!-- @BeforeMethod precondition -->
  <testcase name="@AfterMethod postcondition" time="0.0" classname="com.vtiger.GenericPackage.ProjectSpecificMethods">
    <skipped/>
  </testcase> <!-- @AfterMethod postcondition -->
  <testcase name="vtiger_Login" time="0.038" classname="com.vtiger.GenericPackage.ProjectSpecificMethods">
    <failure type="java.lang.NullPointerException">
      <![CDATA[java.lang.NullPointerException
	at com.vtiger.GenericPackage.ProjectSpecificMethods.vtiger_Login(ProjectSpecificMethods.java:21)
... Removed 24 stack frames]]>
    </failure>
  </testcase> <!-- vtiger_Login -->
  <testcase name="vtiger_Logout" time="0.002" classname="com.vtiger.GenericPackage.ProjectSpecificMethods">
    <skipped/>
  </testcase> <!-- vtiger_Logout -->
</testsuite> <!-- test -->
