<?xml version="1.0" encoding="UTF-8"?>
<!-- Generated by org.testng.reporters.JUnitXMLReporter -->
<testsuite hostname="gogurram" name="Leads test" tests="1" failures="1" timestamp="17 Dec 2013 05:12:31 GMT" time="12.985" errors="0">
  <testcase name="testvt_CreateLead" time="4.779" classname="com.vtiger.LeadsPackage.vt_CreateLead">
    <failure type="java.lang.AssertionError" message="expected [] but found [vtiger CRM 5 - Commercial Open Source CRM]">
      <![CDATA[java.lang.AssertionError: expected [] but found [vtiger CRM 5 - Commercial Open Source CRM]
	at com.vtiger.Libraries.ProjectSpecificMethods.verifyTitle(ProjectSpecificMethods.java:40)
	at com.vtiger.LeadsPackage.vt_CreateLead.testvt_CreateLead(vt_CreateLead.java:22)
... Removed 29 stack frames]]>
    </failure>
  </testcase> <!-- testvt_CreateLead -->
</testsuite> <!-- Leads test -->
